#
# A fatal error has been detected by the Java Runtime Environment:
#
#  EXCEPTION_ACCESS_VIOLATION (0xc0000005) at pc=0x00007ffaf2d2c3a2, pid=21392, tid=22272
#
# JRE version: OpenJDK Runtime Environment Temurin-21.0.10+7 (21.0.10+7) (build 21.0.10+7-LTS)
# Java VM: OpenJDK 64-Bit Server VM Temurin-21.0.10+7 (21.0.10+7-LTS, mixed mode, sharing, tiered, compressed oops, compressed class ptrs, g1 gc, windows-amd64)
# Problematic frame:
# C  [igxelpicd64.dll+0x2bc3a2]
#
# No core dump will be written. Minidumps are not enabled by default on client versions of Windows
#
# If you would like to submit a bug report, please visit:
#   https://github.com/adoptium/adoptium-support/issues
#

---------------  S U M M A R Y ------------

Command Line: -agentlib:jdwp=transport=dt_socket,server=n,suspend=y,address=localhost:55422 -XX:+ShowCodeDetailsInExceptionMessages com.game.Main

Host: 12th Gen Intel(R) Core(TM) i3-1215U, 8 cores, 7G,  Windows 11 , 64 bit Build 26100 (10.0.26100.8328)
Time: Tue May  5 21:37:47 2026 India Standard Time elapsed time: 641.337200 seconds (0d 0h 10m 41s)

---------------  T H R E A D  ---------------

Current thread (0x000002a14befecf0):  VMThread "VM Thread"          [id=22272, stack(0x000000dcd5600000,0x000000dcd5700000) (1024K)]

Stack: [0x000000dcd5600000,0x000000dcd5700000],  sp=0x000000dcd56fe350,  free space=1016k
Native frames: (J=compiled Java code, j=interpreted, Vv=VM code, C=native code)
C  [igxelpicd64.dll+0x2bc3a2]


siginfo: EXCEPTION_ACCESS_VIOLATION (0xc0000005), reading address 0x0000000000035888


Registers:
RAX=0x000002a191c62dc8, RBX=0x000002a191c62cc0, RCX=0x0000000000000000, RDX=0x00000000fffffff0
RSP=0x000000dcd56fe350, RBP=0x0000000000000000, RSI=0x000002a191c63290, RDI=0x000002a191b45b90
R8 =0x0000000000000014, R9 =0x0000000000000000, R10=0x0000000000000000, R11=0x0000000000000246
R12=0x000002a191a0a000, R13=0x000002a19bb91490, R14=0x0000000003ebcc00, R15=0x0000000000000016
RIP=0x00007ffaf2d2c3a2, EFLAGS=0x0000000000010202

XMM[0]=0x0000000000000000 0x0000000000000000
XMM[1]=0x0000000000000000 0x0000000000000000
XMM[2]=0x0000000000000000 0x0000000000000000
XMM[3]=0x0000000000000000 0x0000000000000000
XMM[4]=0x0000000000000000 0x0000000000000000
XMM[5]=0x0000000000000000 0x0000000000000000
XMM[6]=0x0000000000000000 0x0000000000000000
XMM[7]=0x0000000000000000 0x404e000000000000
XMM[8]=0x0000000000000000 0x0000000000000000
XMM[9]=0x0000000000000000 0x0000000000000000
XMM[10]=0x0000000000000000 0x0000000000000000
XMM[11]=0x0000000000000000 0x0000000000000000
XMM[12]=0x0000000000000000 0x0000000000000000
XMM[13]=0x0000000000000000 0x0000000000000000
XMM[14]=0x0000000000000000 0x0000000000000000
XMM[15]=0x0000000000000000 0x0000000000000000
  MXCSR=0x00001fa2


Register to memory mapping:

RAX=0x000002a191c62dc8 points into unknown readable memory: 0x0000000003ebbfa4 | a4 bf eb 03 00 00 00 00
RBX=0x000002a191c62cc0 points into unknown readable memory: 0x000002a1919bca00 | 00 ca 9b 91 a1 02 00 00
RCX=0x0 is null
RDX=0x00000000fffffff0 is an unallocated location in the heap
RSP=0x000000dcd56fe350 points into unknown readable memory: 0x000002a1919568e0 | e0 68 95 91 a1 02 00 00
RBP=0x0 is null
RSI=0x000002a191c63290 points into unknown readable memory: 0x000002a19bb91490 | 90 14 b9 9b a1 02 00 00
RDI=0x000002a191b45b90 points into unknown readable memory: 0x000002a191b58200 | 00 82 b5 91 a1 02 00 00
R8 =0x0000000000000014 is an unknown value
R9 =0x0 is null
R10=0x0 is null
R11=0x0000000000000246 is an unknown value
R12=0x000002a191a0a000 points into unknown readable memory: 0x000002a191a09c90 | 90 9c a0 91 a1 02 00 00
R13=0x000002a19bb91490 points into unknown readable memory: 0x000002a1919bca00 | 00 ca 9b 91 a1 02 00 00
R14=0x0000000003ebcc00 is an unknown value
R15=0x0000000000000016 is an unknown value

Top of Stack: (sp=0x000000dcd56fe350)
0x000000dcd56fe350:   000002a1919568e0 0000000000000000
0x000000dcd56fe360:   0000000000000000 00007ffb8ada5cc4
0x000000dcd56fe370:   000002a191c63350 00007ffaf2acfac4
0x000000dcd56fe380:   00000000000008d8 00007ffaf2ad9397
0x000000dcd56fe390:   0000000000000010 0000000003ebcc5c
0x000000dcd56fe3a0:   0000740419600000 000002a191a0a058
0x000000dcd56fe3b0:   0000000000000000 0000000000000000
0x000000dcd56fe3c0:   000000dcd56fe4d0 00007ffaf2d1bdb7
0x000000dcd56fe3d0:   000002a1919568e0 000002a191b45b90
0x000000dcd56fe3e0:   000002a191a15800 0000000000000000
0x000000dcd56fe3f0:   000000dc00000918 00007ffa00000000
0x000000dcd56fe400:   0000000000000000 000000000000005a
0x000000dcd56fe410:   000002a191a09c90 000002a191a156c8
0x000000dcd56fe420:   0000000000000000 0000000000000001
0x000000dcd56fe430:   0000000200000028 0000700000111000
0x000000dcd56fe440:   0000000000000000 0000000000000000
0x000000dcd56fe450:   000000dcd56fec90 0000002700000000
0x000000dcd56fe460:   000000dc00000000 00007ffaf2d2e1dc
0x000000dcd56fe470:   0000000000000000 000002a1919d5100
0x000000dcd56fe480:   0000740419600000 0000000000000918
0x000000dcd56fe490:   0000000000000000 4000188000000001
0x000000dcd56fe4a0:   0000000000000000 0000000000000000
0x000000dcd56fe4b0:   0000000000000000 0000000000000000
0x000000dcd56fe4c0:   0000000000000000 0000000000000000
0x000000dcd56fe4d0:   0000000000000000 0000000000000000
0x000000dcd56fe4e0:   0000000000000000 0000000000000000
0x000000dcd56fe4f0:   0000000000000000 0000000000000000
0x000000dcd56fe500:   0000000000000000 0000000000000000
0x000000dcd56fe510:   0000000000000000 0000000000000000
0x000000dcd56fe520:   0000000000000000 0000000000000000
0x000000dcd56fe530:   0000000000000000 0000000000000000
0x000000dcd56fe540:   0000000000000000 0000000000000000 

Instructions: (pc=0x00007ffaf2d2c3a2)
0x00007ffaf2d2c2a2:   8b fa 48 8b e9 48 8b 1d ba e4 c5 00 48 89 58 08
0x00007ffaf2d2c2b2:   48 8b cb ff 15 4d ee 7e 00 90 4c 8b af 78 02 00
0x00007ffaf2d2c2c2:   00 48 8b 05 16 be b5 00 44 8b b8 90 0b 00 00 45
0x00007ffaf2d2c2d2:   33 d2 45 8a f2 4c 89 97 78 02 00 00 44 89 97 80
0x00007ffaf2d2c2e2:   02 00 00 4c 89 97 98 02 00 00 4c 89 97 88 02 00
0x00007ffaf2d2c2f2:   00 48 85 ed 75 38 8b 35 62 be c5 00 65 48 8b 04
0x00007ffaf2d2c302:   25 58 00 00 00 b9 14 00 00 00 48 8b 04 f0 44 38
0x00007ffaf2d2c312:   14 01 0f 84 30 4d 6c 00 65 48 8b 04 25 58 00 00
0x00007ffaf2d2c322:   00 bd 20 00 00 00 48 8b 04 f0 48 8b 2c 28 48 3b
0x00007ffaf2d2c332:   2d b9 e3 c5 00 45 0f 44 fa 4d 85 ed 0f 84 72 01
0x00007ffaf2d2c342:   00 00 44 8a a4 24 90 00 00 00 49 8b dd 49 8d b5
0x00007ffaf2d2c352:   d0 05 00 00 4c 8b 2e 45 84 e4 0f 85 2c 03 00 00
0x00007ffaf2d2c362:   44 8b 8f c8 01 00 00 48 8b 05 70 bd b5 00 83 b8
0x00007ffaf2d2c372:   68 03 00 00 02 75 36 41 8d 51 f0 41 83 f9 10 0f
0x00007ffaf2d2c382:   83 74 01 00 00 4a 8d 04 cd 21 00 00 00 49 03 c1
0x00007ffaf2d2c392:   48 8d 04 c3 48 85 c0 0f 85 4a 01 00 00 49 8b ca
0x00007ffaf2d2c3a2:   48 3b 8d 88 58 03 00 0f 87 a8 4c 6c 00 48 8d 93
0x00007ffaf2d2c3b2:   08 01 00 00 4c 39 93 48 06 00 00 0f 85 13 4e 6c
0x00007ffaf2d2c3c2:   00 44 8b 9f c8 01 00 00 48 8b 87 e0 01 00 00 4c
0x00007ffaf2d2c3d2:   8b 10 44 8b 87 c8 01 00 00 41 83 f8 10 0f 83 43
0x00007ffaf2d2c3e2:   01 00 00 4b 8d 0c c0 48 8d 04 ca 48 85 c0 0f 85
0x00007ffaf2d2c3f2:   fc 00 00 00 33 c9 49 3b ca 0f 86 58 01 00 00 45
0x00007ffaf2d2c402:   33 d2 48 8b 87 78 02 00 00 48 89 06 48 89 9f 78
0x00007ffaf2d2c412:   02 00 00 ff 87 80 02 00 00 48 8b 43 08 48 8b 88
0x00007ffaf2d2c422:   18 01 00 00 48 81 e1 00 00 ff ff 48 81 c1 00 00
0x00007ffaf2d2c432:   01 00 48 01 8f 88 02 00 00 48 8b 43 08 48 8b 88
0x00007ffaf2d2c442:   18 01 00 00 48 01 8f 98 02 00 00 eb 45 48 8b d3
0x00007ffaf2d2c452:   41 8b cb e8 a6 06 ff ff 45 33 d2 84 c0 75 a3 44
0x00007ffaf2d2c462:   38 53 1c 0f 84 23 02 00 00 48 8b 87 f8 02 00 00
0x00007ffaf2d2c472:   48 03 87 98 02 00 00 48 3b 87 a0 02 00 00 0f 83
0x00007ffaf2d2c482:   7c 4d 6c 00 48 8b d3 48 8b cf e8 4f f0 ff ff 45
0x00007ffaf2d2c492:   33 d2 4d 85 ed 0f 85 af fe ff ff 45 84 f6 44 8a 


Stack slot to memory mapping:

stack at sp + 0 slots: 0x000002a1919568e0 points into unknown readable memory: 0xffffffffffffffff | ff ff ff ff ff ff ff ff
stack at sp + 1 slots: 0x0 is null
stack at sp + 2 slots: 0x0 is null
stack at sp + 3 slots: 0x00007ffb8ada5cc4 ntdll.dll
stack at sp + 4 slots: 0x000002a191c63350 points into unknown readable memory: 0x000002a1919bca00 | 00 ca 9b 91 a1 02 00 00
stack at sp + 5 slots: 0x00007ffaf2acfac4 igxelpicd64.dll
stack at sp + 6 slots: 0x00000000000008d8 is an unknown value
stack at sp + 7 slots: 0x00007ffaf2ad9397 igxelpicd64.dll

VM_Operation (0x000000dcd4dff200): Exit, mode: safepoint, requested by thread 0x000002a1995f7780


---------------  P R O C E S S  ---------------

Threads class SMR info:
_java_thread_list=0x000002a19cf01a40, length=21, elements={
0x000002a1348fe0d0, 0x000002a14bf25610, 0x000002a14bf26220, 0x000002a14bf29eb0,
0x000002a14bf2b000, 0x000002a14bf2c4e0, 0x000002a14bf2f100, 0x000002a14bf307e0,
0x000002a14bf36ae0, 0x000002a19115f2b0, 0x000002a191166350, 0x000002a19116c5f0,
0x000002a191dad480, 0x000002a191f0ba30, 0x000002a1989970e0, 0x000002a198918e20,
0x000002a198919490, 0x000002a198919b00, 0x000002a191f08490, 0x000002a191f08b00,
0x000002a1995f7780
}

Java Threads: ( => current thread )
  0x000002a1348fe0d0 JavaThread "main"                              [_thread_blocked, id=4340, stack(0x000000dcd4f00000,0x000000dcd5000000) (1024K)]
  0x000002a14bf25610 JavaThread "Reference Handler"          daemon [_thread_blocked, id=16448, stack(0x000000dcd5700000,0x000000dcd5800000) (1024K)]
  0x000002a14bf26220 JavaThread "Finalizer"                  daemon [_thread_blocked, id=7800, stack(0x000000dcd5800000,0x000000dcd5900000) (1024K)]
  0x000002a14bf29eb0 JavaThread "Signal Dispatcher"          daemon [_thread_blocked, id=6292, stack(0x000000dcd5900000,0x000000dcd5a00000) (1024K)]
  0x000002a14bf2b000 JavaThread "Attach Listener"            daemon [_thread_blocked, id=12272, stack(0x000000dcd5a00000,0x000000dcd5b00000) (1024K)]
  0x000002a14bf2c4e0 JavaThread "Service Thread"             daemon [_thread_blocked, id=20176, stack(0x000000dcd5b00000,0x000000dcd5c00000) (1024K)]
  0x000002a14bf2f100 JavaThread "Monitor Deflation Thread"   daemon [_thread_blocked, id=20308, stack(0x000000dcd5c00000,0x000000dcd5d00000) (1024K)]
  0x000002a14bf307e0 JavaThread "C2 CompilerThread0"         daemon [_thread_blocked, id=15004, stack(0x000000dcd5d00000,0x000000dcd5e00000) (1024K)]
  0x000002a14bf36ae0 JavaThread "C1 CompilerThread0"         daemon [_thread_blocked, id=11812, stack(0x000000dcd5e00000,0x000000dcd5f00000) (1024K)]
  0x000002a19115f2b0 JavaThread "JDWP Event Helper Thread"   daemon [_thread_blocked, id=16708, stack(0x000000dcd6000000,0x000000dcd6100000) (1024K)]
  0x000002a191166350 JavaThread "Notification Thread"        daemon [_thread_blocked, id=17344, stack(0x000000dcd6200000,0x000000dcd6300000) (1024K)]
  0x000002a19116c5f0 JavaThread "Common-Cleaner"             daemon [_thread_blocked, id=6564, stack(0x000000dcd6300000,0x000000dcd6400000) (1024K)]
  0x000002a191dad480 JavaThread "pool-1-thread-1"                   [_thread_blocked, id=16176, stack(0x000000dcd6400000,0x000000dcd6500000) (1024K)]
  0x000002a191f0ba30 JavaThread "pool-1-thread-2"                   [_thread_blocked, id=22248, stack(0x000000dcd6b00000,0x000000dcd6c00000) (1024K)]
  0x000002a1989970e0 JavaThread "pool-1-thread-3"                   [_thread_blocked, id=20488, stack(0x000000dcd6c00000,0x000000dcd6d00000) (1024K)]
  0x000002a198918e20 JavaThread "pool-1-thread-4"                   [_thread_blocked, id=12316, stack(0x000000dcd6d00000,0x000000dcd6e00000) (1024K)]
  0x000002a198919490 JavaThread "pool-1-thread-5"                   [_thread_blocked, id=17688, stack(0x000000dcd6e00000,0x000000dcd6f00000) (1024K)]
  0x000002a198919b00 JavaThread "pool-1-thread-6"                   [_thread_blocked, id=5184, stack(0x000000dcd6f00000,0x000000dcd7000000) (1024K)]
  0x000002a191f08490 JavaThread "pool-1-thread-7"                   [_thread_blocked, id=15432, stack(0x000000dcd7000000,0x000000dcd7100000) (1024K)]
  0x000002a191f08b00 JavaThread "pool-1-thread-8"                   [_thread_blocked, id=9872, stack(0x000000dcd7100000,0x000000dcd7200000) (1024K)]
  0x000002a1995f7780 JavaThread "SIGINT handler"             daemon [_thread_blocked, id=12768, stack(0x000000dcd4d00000,0x000000dcd4e00000) (1024K)]
Total: 21

Other Threads:
=>0x000002a14befecf0 VMThread "VM Thread"                           [id=22272, stack(0x000000dcd5600000,0x000000dcd5700000) (1024K)]
  0x000002a134955cc0 WorkerThread "GC Thread#0"                     [id=2336, stack(0x000000dcd5000000,0x000000dcd5100000) (1024K)]
  0x000002a14bf00310 WorkerThread "GC Thread#1"                     [id=11368, stack(0x000000dcd7200000,0x000000dcd7300000) (1024K)]
  0x000002a14beff0a0 WorkerThread "GC Thread#2"                     [id=9984, stack(0x000000dcd7300000,0x000000dcd7400000) (1024K)]
  0x000002a14beff800 WorkerThread "GC Thread#3"                     [id=6720, stack(0x000000dcd7400000,0x000000dcd7500000) (1024K)]
  0x000002a14bf006c0 WorkerThread "GC Thread#4"                     [id=18728, stack(0x000000dcd7500000,0x000000dcd7600000) (1024K)]
  0x000002a14befff60 WorkerThread "GC Thread#5"                     [id=11288, stack(0x000000dcd7600000,0x000000dcd7700000) (1024K)]
  0x000002a14beff450 WorkerThread "GC Thread#6"                     [id=12488, stack(0x000000dcd7700000,0x000000dcd7800000) (1024K)]
  0x000002a198c022c0 WorkerThread "GC Thread#7"                     [id=6032, stack(0x000000dcd7800000,0x000000dcd7900000) (1024K)]
  0x000002a1349662c0 ConcurrentGCThread "G1 Main Marker"            terminated
  0x000002a134968200 WorkerThread "G1 Conc#0"                       [id=10488, stack(0x000000dcd5200000,0x000000dcd5300000) (1024K)]
  0x000002a1349be980 ConcurrentGCThread "G1 Refine#0"               terminated
  0x000002a1348f73e0 ConcurrentGCThread "G1 Service"                terminated
Total: 13

Threads with active compile tasks:
Total: 0

VM state: at safepoint (shutting down)

VM Mutex/Monitor currently owned by a thread:  ([mutex/lock_event])
[0x00007ffafdede2e0] ThreadsLockThrottle_lock - owner thread: 0x000002a14bf29eb0
[0x00007ffafdede560] Threads_lock - owner thread: 0x000002a14befecf0
[0x00007ffafdede660] Heap_lock - owner thread: 0x000002a1995f7780

Heap address: 0x0000000084000000, size: 1984 MB, Compressed Oops mode: 32-bit

CDS archive(s) mapped at: [0x000002a14c000000-0x000002a14cba0000-0x000002a14cba0000), size 12189696, SharedBaseAddress: 0x000002a14c000000, ArchiveRelocationMode: 1.
Compressed class space mapped at: 0x000002a14d000000-0x000002a18d000000, reserved size: 1073741824
Narrow klass base: 0x000002a14c000000, Narrow klass shift: 0, Narrow klass range: 0x100000000

GC Precious Log:
 CardTable entry size: 512
 Card Set container configuration: InlinePtr #cards 5 size 8 Array Of Cards #cards 12 size 40 Howl #buckets 4 coarsen threshold 1843 Howl Bitmap #cards 512 size 80 coarsen threshold 460 Card regions per heap region 1 cards per card region 2048
 CPUs: 8 total, 8 available
 Memory: 7933M
 Large Page Support: Disabled
 NUMA Support: Disabled
 Compressed Oops: Enabled (32-bit)
 Heap Region Size: 1M
 Heap Min Capacity: 8M
 Heap Initial Capacity: 124M
 Heap Max Capacity: 1984M
 Pre-touch: Disabled
 Parallel Workers: 8
 Concurrent Workers: 2
 Concurrent Refinement Workers: 8
 Periodic GC: Disabled

Heap:
 garbage-first heap   total 126976K, used 31014K [0x0000000084000000, 0x0000000100000000)
  region size 1024K, 29 young (29696K), 1 survivors (1024K)
 Metaspace       used 6778K, committed 7040K, reserved 1114112K
  class space    used 353K, committed 448K, reserved 1048576K

Heap Regions: E=young(eden), S=young(survivor), O=old, HS=humongous(starts), HC=humongous(continues), CS=collection set, F=free, TAMS=top-at-mark-start, PB=parsable bottom
|   0|0x0000000084000000, 0x0000000084100000, 0x0000000084100000|100%| O|  |TAMS 0x0000000084000000| PB 0x0000000084000000| Untracked 
|   1|0x0000000084100000, 0x0000000084200000, 0x0000000084200000|100%| O|  |TAMS 0x0000000084100000| PB 0x0000000084100000| Untracked 
|   2|0x0000000084200000, 0x0000000084300000, 0x0000000084300000|100%| O|  |TAMS 0x0000000084200000| PB 0x0000000084200000| Untracked 
|   3|0x0000000084300000, 0x000000008430ee38, 0x0000000084400000|  5%| O|  |TAMS 0x0000000084300000| PB 0x0000000084300000| Untracked 
|   4|0x0000000084400000, 0x0000000084400000, 0x0000000084500000|  0%| F|  |TAMS 0x0000000084400000| PB 0x0000000084400000| Untracked 
|   5|0x0000000084500000, 0x0000000084500000, 0x0000000084600000|  0%| F|  |TAMS 0x0000000084500000| PB 0x0000000084500000| Untracked 
|   6|0x0000000084600000, 0x0000000084600000, 0x0000000084700000|  0%| F|  |TAMS 0x0000000084600000| PB 0x0000000084600000| Untracked 
|   7|0x0000000084700000, 0x0000000084700000, 0x0000000084800000|  0%| F|  |TAMS 0x0000000084700000| PB 0x0000000084700000| Untracked 
|   8|0x0000000084800000, 0x0000000084800000, 0x0000000084900000|  0%| F|  |TAMS 0x0000000084800000| PB 0x0000000084800000| Untracked 
|   9|0x0000000084900000, 0x0000000084900000, 0x0000000084a00000|  0%| F|  |TAMS 0x0000000084900000| PB 0x0000000084900000| Untracked 
|  10|0x0000000084a00000, 0x0000000084a00000, 0x0000000084b00000|  0%| F|  |TAMS 0x0000000084a00000| PB 0x0000000084a00000| Untracked 
|  11|0x0000000084b00000, 0x0000000084b00000, 0x0000000084c00000|  0%| F|  |TAMS 0x0000000084b00000| PB 0x0000000084b00000| Untracked 
|  12|0x0000000084c00000, 0x0000000084c00000, 0x0000000084d00000|  0%| F|  |TAMS 0x0000000084c00000| PB 0x0000000084c00000| Untracked 
|  13|0x0000000084d00000, 0x0000000084d00000, 0x0000000084e00000|  0%| F|  |TAMS 0x0000000084d00000| PB 0x0000000084d00000| Untracked 
|  14|0x0000000084e00000, 0x0000000084e00000, 0x0000000084f00000|  0%| F|  |TAMS 0x0000000084e00000| PB 0x0000000084e00000| Untracked 
|  15|0x0000000084f00000, 0x0000000084f00000, 0x0000000085000000|  0%| F|  |TAMS 0x0000000084f00000| PB 0x0000000084f00000| Untracked 
|  16|0x0000000085000000, 0x0000000085000000, 0x0000000085100000|  0%| F|  |TAMS 0x0000000085000000| PB 0x0000000085000000| Untracked 
|  17|0x0000000085100000, 0x0000000085100000, 0x0000000085200000|  0%| F|  |TAMS 0x0000000085100000| PB 0x0000000085100000| Untracked 
|  18|0x0000000085200000, 0x0000000085200000, 0x0000000085300000|  0%| F|  |TAMS 0x0000000085200000| PB 0x0000000085200000| Untracked 
|  19|0x0000000085300000, 0x0000000085300000, 0x0000000085400000|  0%| F|  |TAMS 0x0000000085300000| PB 0x0000000085300000| Untracked 
|  20|0x0000000085400000, 0x0000000085400000, 0x0000000085500000|  0%| F|  |TAMS 0x0000000085400000| PB 0x0000000085400000| Untracked 
|  21|0x0000000085500000, 0x0000000085500000, 0x0000000085600000|  0%| F|  |TAMS 0x0000000085500000| PB 0x0000000085500000| Untracked 
|  22|0x0000000085600000, 0x0000000085600000, 0x0000000085700000|  0%| F|  |TAMS 0x0000000085600000| PB 0x0000000085600000| Untracked 
|  23|0x0000000085700000, 0x0000000085700000, 0x0000000085800000|  0%| F|  |TAMS 0x0000000085700000| PB 0x0000000085700000| Untracked 
|  24|0x0000000085800000, 0x0000000085800000, 0x0000000085900000|  0%| F|  |TAMS 0x0000000085800000| PB 0x0000000085800000| Untracked 
|  25|0x0000000085900000, 0x0000000085900000, 0x0000000085a00000|  0%| F|  |TAMS 0x0000000085900000| PB 0x0000000085900000| Untracked 
|  26|0x0000000085a00000, 0x0000000085a00000, 0x0000000085b00000|  0%| F|  |TAMS 0x0000000085a00000| PB 0x0000000085a00000| Untracked 
|  27|0x0000000085b00000, 0x0000000085b00000, 0x0000000085c00000|  0%| F|  |TAMS 0x0000000085b00000| PB 0x0000000085b00000| Untracked 
|  28|0x0000000085c00000, 0x0000000085c00000, 0x0000000085d00000|  0%| F|  |TAMS 0x0000000085c00000| PB 0x0000000085c00000| Untracked 
|  29|0x0000000085d00000, 0x0000000085d00000, 0x0000000085e00000|  0%| F|  |TAMS 0x0000000085d00000| PB 0x0000000085d00000| Untracked 
|  30|0x0000000085e00000, 0x0000000085e00000, 0x0000000085f00000|  0%| F|  |TAMS 0x0000000085e00000| PB 0x0000000085e00000| Untracked 
|  31|0x0000000085f00000, 0x0000000085f00000, 0x0000000086000000|  0%| F|  |TAMS 0x0000000085f00000| PB 0x0000000085f00000| Untracked 
|  32|0x0000000086000000, 0x0000000086000000, 0x0000000086100000|  0%| F|  |TAMS 0x0000000086000000| PB 0x0000000086000000| Untracked 
|  33|0x0000000086100000, 0x0000000086100000, 0x0000000086200000|  0%| F|  |TAMS 0x0000000086100000| PB 0x0000000086100000| Untracked 
|  34|0x0000000086200000, 0x0000000086200000, 0x0000000086300000|  0%| F|  |TAMS 0x0000000086200000| PB 0x0000000086200000| Untracked 
|  35|0x0000000086300000, 0x0000000086300000, 0x0000000086400000|  0%| F|  |TAMS 0x0000000086300000| PB 0x0000000086300000| Untracked 
|  36|0x0000000086400000, 0x0000000086400000, 0x0000000086500000|  0%| F|  |TAMS 0x0000000086400000| PB 0x0000000086400000| Untracked 
|  37|0x0000000086500000, 0x0000000086500000, 0x0000000086600000|  0%| F|  |TAMS 0x0000000086500000| PB 0x0000000086500000| Untracked 
|  38|0x0000000086600000, 0x0000000086600000, 0x0000000086700000|  0%| F|  |TAMS 0x0000000086600000| PB 0x0000000086600000| Untracked 
|  39|0x0000000086700000, 0x0000000086700000, 0x0000000086800000|  0%| F|  |TAMS 0x0000000086700000| PB 0x0000000086700000| Untracked 
|  40|0x0000000086800000, 0x0000000086800000, 0x0000000086900000|  0%| F|  |TAMS 0x0000000086800000| PB 0x0000000086800000| Untracked 
|  41|0x0000000086900000, 0x0000000086900000, 0x0000000086a00000|  0%| F|  |TAMS 0x0000000086900000| PB 0x0000000086900000| Untracked 
|  42|0x0000000086a00000, 0x0000000086a00000, 0x0000000086b00000|  0%| F|  |TAMS 0x0000000086a00000| PB 0x0000000086a00000| Untracked 
|  43|0x0000000086b00000, 0x0000000086b00000, 0x0000000086c00000|  0%| F|  |TAMS 0x0000000086b00000| PB 0x0000000086b00000| Untracked 
|  44|0x0000000086c00000, 0x0000000086c00000, 0x0000000086d00000|  0%| F|  |TAMS 0x0000000086c00000| PB 0x0000000086c00000| Untracked 
|  45|0x0000000086d00000, 0x0000000086d00000, 0x0000000086e00000|  0%| F|  |TAMS 0x0000000086d00000| PB 0x0000000086d00000| Untracked 
|  46|0x0000000086e00000, 0x0000000086e00000, 0x0000000086f00000|  0%| F|  |TAMS 0x0000000086e00000| PB 0x0000000086e00000| Untracked 
|  47|0x0000000086f00000, 0x0000000086f00000, 0x0000000087000000|  0%| F|  |TAMS 0x0000000086f00000| PB 0x0000000086f00000| Untracked 
|  48|0x0000000087000000, 0x0000000087000000, 0x0000000087100000|  0%| F|  |TAMS 0x0000000087000000| PB 0x0000000087000000| Untracked 
|  49|0x0000000087100000, 0x000000008713abe8, 0x0000000087200000| 22%| S|CS|TAMS 0x0000000087100000| PB 0x0000000087100000| Complete 
|  50|0x0000000087200000, 0x0000000087200000, 0x0000000087300000|  0%| F|  |TAMS 0x0000000087200000| PB 0x0000000087200000| Untracked 
|  51|0x0000000087300000, 0x0000000087300000, 0x0000000087400000|  0%| F|  |TAMS 0x0000000087300000| PB 0x0000000087300000| Untracked 
|  52|0x0000000087400000, 0x0000000087400000, 0x0000000087500000|  0%| F|  |TAMS 0x0000000087400000| PB 0x0000000087400000| Untracked 
|  53|0x0000000087500000, 0x0000000087500000, 0x0000000087600000|  0%| F|  |TAMS 0x0000000087500000| PB 0x0000000087500000| Untracked 
|  54|0x0000000087600000, 0x0000000087600000, 0x0000000087700000|  0%| F|  |TAMS 0x0000000087600000| PB 0x0000000087600000| Untracked 
|  55|0x0000000087700000, 0x0000000087700000, 0x0000000087800000|  0%| F|  |TAMS 0x0000000087700000| PB 0x0000000087700000| Untracked 
|  56|0x0000000087800000, 0x0000000087800000, 0x0000000087900000|  0%| F|  |TAMS 0x0000000087800000| PB 0x0000000087800000| Untracked 
|  57|0x0000000087900000, 0x0000000087900000, 0x0000000087a00000|  0%| F|  |TAMS 0x0000000087900000| PB 0x0000000087900000| Untracked 
|  58|0x0000000087a00000, 0x0000000087a00000, 0x0000000087b00000|  0%| F|  |TAMS 0x0000000087a00000| PB 0x0000000087a00000| Untracked 
|  59|0x0000000087b00000, 0x0000000087b00000, 0x0000000087c00000|  0%| F|  |TAMS 0x0000000087b00000| PB 0x0000000087b00000| Untracked 
|  60|0x0000000087c00000, 0x0000000087c00000, 0x0000000087d00000|  0%| F|  |TAMS 0x0000000087c00000| PB 0x0000000087c00000| Untracked 
|  61|0x0000000087d00000, 0x0000000087d00000, 0x0000000087e00000|  0%| F|  |TAMS 0x0000000087d00000| PB 0x0000000087d00000| Untracked 
|  62|0x0000000087e00000, 0x0000000087e00000, 0x0000000087f00000|  0%| F|  |TAMS 0x0000000087e00000| PB 0x0000000087e00000| Untracked 
|  63|0x0000000087f00000, 0x0000000087f00000, 0x0000000088000000|  0%| F|  |TAMS 0x0000000087f00000| PB 0x0000000087f00000| Untracked 
|  64|0x0000000088000000, 0x0000000088000000, 0x0000000088100000|  0%| F|  |TAMS 0x0000000088000000| PB 0x0000000088000000| Untracked 
|  65|0x0000000088100000, 0x0000000088100000, 0x0000000088200000|  0%| F|  |TAMS 0x0000000088100000| PB 0x0000000088100000| Untracked 
|  66|0x0000000088200000, 0x0000000088200000, 0x0000000088300000|  0%| F|  |TAMS 0x0000000088200000| PB 0x0000000088200000| Untracked 
|  67|0x0000000088300000, 0x0000000088300000, 0x0000000088400000|  0%| F|  |TAMS 0x0000000088300000| PB 0x0000000088300000| Untracked 
|  68|0x0000000088400000, 0x0000000088400000, 0x0000000088500000|  0%| F|  |TAMS 0x0000000088400000| PB 0x0000000088400000| Untracked 
|  69|0x0000000088500000, 0x0000000088500000, 0x0000000088600000|  0%| F|  |TAMS 0x0000000088500000| PB 0x0000000088500000| Untracked 
|  70|0x0000000088600000, 0x0000000088600000, 0x0000000088700000|  0%| F|  |TAMS 0x0000000088600000| PB 0x0000000088600000| Untracked 
|  71|0x0000000088700000, 0x0000000088700000, 0x0000000088800000|  0%| F|  |TAMS 0x0000000088700000| PB 0x0000000088700000| Untracked 
|  72|0x0000000088800000, 0x0000000088800000, 0x0000000088900000|  0%| F|  |TAMS 0x0000000088800000| PB 0x0000000088800000| Untracked 
|  73|0x0000000088900000, 0x0000000088900000, 0x0000000088a00000|  0%| F|  |TAMS 0x0000000088900000| PB 0x0000000088900000| Untracked 
|  74|0x0000000088a00000, 0x0000000088a00000, 0x0000000088b00000|  0%| F|  |TAMS 0x0000000088a00000| PB 0x0000000088a00000| Untracked 
|  75|0x0000000088b00000, 0x0000000088b00000, 0x0000000088c00000|  0%| F|  |TAMS 0x0000000088b00000| PB 0x0000000088b00000| Untracked 
|  76|0x0000000088c00000, 0x0000000088c00000, 0x0000000088d00000|  0%| F|  |TAMS 0x0000000088c00000| PB 0x0000000088c00000| Untracked 
|  77|0x0000000088d00000, 0x0000000088d00000, 0x0000000088e00000|  0%| F|  |TAMS 0x0000000088d00000| PB 0x0000000088d00000| Untracked 
|  78|0x0000000088e00000, 0x0000000088e00000, 0x0000000088f00000|  0%| F|  |TAMS 0x0000000088e00000| PB 0x0000000088e00000| Untracked 
|  79|0x0000000088f00000, 0x0000000088f00000, 0x0000000089000000|  0%| F|  |TAMS 0x0000000088f00000| PB 0x0000000088f00000| Untracked 
|  80|0x0000000089000000, 0x0000000089000000, 0x0000000089100000|  0%| F|  |TAMS 0x0000000089000000| PB 0x0000000089000000| Untracked 
|  81|0x0000000089100000, 0x0000000089100000, 0x0000000089200000|  0%| F|  |TAMS 0x0000000089100000| PB 0x0000000089100000| Untracked 
|  82|0x0000000089200000, 0x0000000089200000, 0x0000000089300000|  0%| F|  |TAMS 0x0000000089200000| PB 0x0000000089200000| Untracked 
|  83|0x0000000089300000, 0x0000000089300000, 0x0000000089400000|  0%| F|  |TAMS 0x0000000089300000| PB 0x0000000089300000| Untracked 
|  84|0x0000000089400000, 0x0000000089400000, 0x0000000089500000|  0%| F|  |TAMS 0x0000000089400000| PB 0x0000000089400000| Untracked 
|  85|0x0000000089500000, 0x0000000089500000, 0x0000000089600000|  0%| F|  |TAMS 0x0000000089500000| PB 0x0000000089500000| Untracked 
|  86|0x0000000089600000, 0x0000000089600000, 0x0000000089700000|  0%| F|  |TAMS 0x0000000089600000| PB 0x0000000089600000| Untracked 
|  87|0x0000000089700000, 0x0000000089700000, 0x0000000089800000|  0%| F|  |TAMS 0x0000000089700000| PB 0x0000000089700000| Untracked 
|  88|0x0000000089800000, 0x0000000089800000, 0x0000000089900000|  0%| F|  |TAMS 0x0000000089800000| PB 0x0000000089800000| Untracked 
|  89|0x0000000089900000, 0x0000000089900000, 0x0000000089a00000|  0%| F|  |TAMS 0x0000000089900000| PB 0x0000000089900000| Untracked 
|  90|0x0000000089a00000, 0x0000000089a00000, 0x0000000089b00000|  0%| F|  |TAMS 0x0000000089a00000| PB 0x0000000089a00000| Untracked 
|  91|0x0000000089b00000, 0x0000000089b00000, 0x0000000089c00000|  0%| F|  |TAMS 0x0000000089b00000| PB 0x0000000089b00000| Untracked 
|  92|0x0000000089c00000, 0x0000000089c00000, 0x0000000089d00000|  0%| F|  |TAMS 0x0000000089c00000| PB 0x0000000089c00000| Untracked 
|  93|0x0000000089d00000, 0x0000000089d00000, 0x0000000089e00000|  0%| F|  |TAMS 0x0000000089d00000| PB 0x0000000089d00000| Untracked 
|  94|0x0000000089e00000, 0x0000000089e00000, 0x0000000089f00000|  0%| F|  |TAMS 0x0000000089e00000| PB 0x0000000089e00000| Untracked 
|  95|0x0000000089f00000, 0x0000000089f00000, 0x000000008a000000|  0%| F|  |TAMS 0x0000000089f00000| PB 0x0000000089f00000| Untracked 
|  96|0x000000008a000000, 0x000000008a080000, 0x000000008a100000| 50%| E|  |TAMS 0x000000008a000000| PB 0x000000008a000000| Complete 
|  97|0x000000008a100000, 0x000000008a200000, 0x000000008a200000|100%| E|CS|TAMS 0x000000008a100000| PB 0x000000008a100000| Complete 
|  98|0x000000008a200000, 0x000000008a300000, 0x000000008a300000|100%| E|CS|TAMS 0x000000008a200000| PB 0x000000008a200000| Complete 
|  99|0x000000008a300000, 0x000000008a400000, 0x000000008a400000|100%| E|CS|TAMS 0x000000008a300000| PB 0x000000008a300000| Complete 
| 100|0x000000008a400000, 0x000000008a500000, 0x000000008a500000|100%| E|CS|TAMS 0x000000008a400000| PB 0x000000008a400000| Complete 
| 101|0x000000008a500000, 0x000000008a600000, 0x000000008a600000|100%| E|CS|TAMS 0x000000008a500000| PB 0x000000008a500000| Complete 
| 102|0x000000008a600000, 0x000000008a700000, 0x000000008a700000|100%| E|CS|TAMS 0x000000008a600000| PB 0x000000008a600000| Complete 
| 103|0x000000008a700000, 0x000000008a800000, 0x000000008a800000|100%| E|CS|TAMS 0x000000008a700000| PB 0x000000008a700000| Complete 
| 104|0x000000008a800000, 0x000000008a900000, 0x000000008a900000|100%| E|CS|TAMS 0x000000008a800000| PB 0x000000008a800000| Complete 
| 105|0x000000008a900000, 0x000000008aa00000, 0x000000008aa00000|100%| E|CS|TAMS 0x000000008a900000| PB 0x000000008a900000| Complete 
| 106|0x000000008aa00000, 0x000000008ab00000, 0x000000008ab00000|100%| E|CS|TAMS 0x000000008aa00000| PB 0x000000008aa00000| Complete 
| 107|0x000000008ab00000, 0x000000008ac00000, 0x000000008ac00000|100%| E|CS|TAMS 0x000000008ab00000| PB 0x000000008ab00000| Complete 
| 108|0x000000008ac00000, 0x000000008ad00000, 0x000000008ad00000|100%| E|CS|TAMS 0x000000008ac00000| PB 0x000000008ac00000| Complete 
| 109|0x000000008ad00000, 0x000000008ae00000, 0x000000008ae00000|100%| E|CS|TAMS 0x000000008ad00000| PB 0x000000008ad00000| Complete 
| 110|0x000000008ae00000, 0x000000008af00000, 0x000000008af00000|100%| E|CS|TAMS 0x000000008ae00000| PB 0x000000008ae00000| Complete 
| 111|0x000000008af00000, 0x000000008b000000, 0x000000008b000000|100%| E|CS|TAMS 0x000000008af00000| PB 0x000000008af00000| Complete 
| 112|0x000000008b000000, 0x000000008b100000, 0x000000008b100000|100%| E|CS|TAMS 0x000000008b000000| PB 0x000000008b000000| Complete 
| 113|0x000000008b100000, 0x000000008b200000, 0x000000008b200000|100%| E|CS|TAMS 0x000000008b100000| PB 0x000000008b100000| Complete 
| 114|0x000000008b200000, 0x000000008b300000, 0x000000008b300000|100%| E|CS|TAMS 0x000000008b200000| PB 0x000000008b200000| Complete 
| 115|0x000000008b300000, 0x000000008b400000, 0x000000008b400000|100%| E|CS|TAMS 0x000000008b300000| PB 0x000000008b300000| Complete 
| 116|0x000000008b400000, 0x000000008b500000, 0x000000008b500000|100%| E|CS|TAMS 0x000000008b400000| PB 0x000000008b400000| Complete 
| 117|0x000000008b500000, 0x000000008b600000, 0x000000008b600000|100%| E|CS|TAMS 0x000000008b500000| PB 0x000000008b500000| Complete 
| 118|0x000000008b600000, 0x000000008b700000, 0x000000008b700000|100%| E|CS|TAMS 0x000000008b600000| PB 0x000000008b600000| Complete 
| 119|0x000000008b700000, 0x000000008b800000, 0x000000008b800000|100%| E|CS|TAMS 0x000000008b700000| PB 0x000000008b700000| Complete 
| 120|0x000000008b800000, 0x000000008b900000, 0x000000008b900000|100%| E|CS|TAMS 0x000000008b800000| PB 0x000000008b800000| Complete 
| 121|0x000000008b900000, 0x000000008ba00000, 0x000000008ba00000|100%| E|CS|TAMS 0x000000008b900000| PB 0x000000008b900000| Complete 
| 122|0x000000008ba00000, 0x000000008bb00000, 0x000000008bb00000|100%| E|CS|TAMS 0x000000008ba00000| PB 0x000000008ba00000| Complete 
| 123|0x000000008bb00000, 0x000000008bc00000, 0x000000008bc00000|100%| E|CS|TAMS 0x000000008bb00000| PB 0x000000008bb00000| Complete 

Card table byte_map: [0x000002a147210000,0x000002a1475f0000] _byte_map_base: 0x000002a146df0000

Marking Bits: (CMBitMap*) 0x000002a1349561e0
 Bits: [0x000002a1475f0000, 0x000002a1494f0000)

Polling page: 0x000002a132710000

Metaspace:

Usage:
  Non-class:      6.27 MB used.
      Class:    353.20 KB used.
       Both:      6.62 MB used.

Virtual space:
  Non-class space:       64.00 MB reserved,       6.44 MB ( 10%) committed,  1 nodes.
      Class space:        1.00 GB reserved,     448.00 KB ( <1%) committed,  1 nodes.
             Both:        1.06 GB reserved,       6.88 MB ( <1%) committed. 

Chunk freelists:
   Non-Class:  7.56 MB
       Class:  15.55 MB
        Both:  23.11 MB

MaxMetaspaceSize: unlimited
CompressedClassSpaceSize: 1.00 GB
Initial GC threshold: 21.00 MB
Current GC threshold: 21.00 MB
CDS: on
 - commit_granule_bytes: 65536.
 - commit_granule_words: 8192.
 - virtual_space_node_default_size: 8388608.
 - enlarge_chunks_in_place: 1.
 - use_allocation_guard: 0.


Internal statistics:

num_allocs_failed_limit: 0.
num_arena_births: 108.
num_arena_deaths: 0.
num_vsnodes_births: 2.
num_vsnodes_deaths: 0.
num_space_committed: 108.
num_space_uncommitted: 0.
num_chunks_returned_to_freelist: 0.
num_chunks_taken_from_freelist: 299.
num_chunk_merges: 0.
num_chunk_splits: 213.
num_chunks_enlarged: 160.
num_inconsistent_stats: 0.

CodeHeap 'non-profiled nmethods': size=120000Kb used=904Kb max_used=904Kb free=119095Kb
 bounds [0x000002a13f5d0000, 0x000002a13f840000, 0x000002a146b00000]
CodeHeap 'profiled nmethods': size=120000Kb used=1931Kb max_used=1931Kb free=118068Kb
 bounds [0x000002a137b00000, 0x000002a137d70000, 0x000002a13f030000]
CodeHeap 'non-nmethods': size=5760Kb used=2091Kb max_used=2148Kb free=3669Kb
 bounds [0x000002a13f030000, 0x000002a13f2a0000, 0x000002a13f5d0000]
CodeCache: size=245760Kb, used=4926Kb, max_used=4983Kb, free=240832Kb
 total_blobs=2522, nmethods=1351, adapters=1076, full_count=0
Compilation: enabled, stopped_count=0, restarted_count=0

Compilation events (20 events):
Event: 282.786 Thread 0x000002a14bf307e0 1341       4       com.game.Main::input (464 bytes)
Event: 282.819 Thread 0x000002a14bf307e0 nmethod 1341 0x000002a13f6afb90 code [0x000002a13f6afe40, 0x000002a13f6b0b10]
Event: 558.587 Thread 0x000002a14bf36ae0 1343       3       org.lwjgl.glfw.GLFWMouseButtonCallbackI::callback (54 bytes)
Event: 558.589 Thread 0x000002a14bf36ae0 nmethod 1343 0x000002a137ce0110 code [0x000002a137ce03a0, 0x000002a137ce1028]
Event: 558.589 Thread 0x000002a14bf36ae0 1344       3       com.game.Main$$Lambda/0x000002a14d012c58::invoke (14 bytes)
Event: 558.589 Thread 0x000002a14bf36ae0 nmethod 1344 0x000002a137ce1390 code [0x000002a137ce1540, 0x000002a137ce16b8]
Event: 631.572 Thread 0x000002a14bf307e0 1345       4       com.game.Camera::moveRotation (40 bytes)
Event: 631.574 Thread 0x000002a14bf307e0 nmethod 1345 0x000002a13f6b1a10 code [0x000002a13f6b1ba0, 0x000002a13f6b1c78]
Event: 641.261 Thread 0x000002a14bf36ae0 1346       3       java.lang.invoke.LambdaForm$Name::<init> (66 bytes)
Event: 641.262 Thread 0x000002a14bf36ae0 nmethod 1346 0x000002a137ce1790 code [0x000002a137ce1940, 0x000002a137ce1c00]
Event: 641.264 Thread 0x000002a14bf36ae0 1347       3       java.util.ImmutableCollections$List12::get (35 bytes)
Event: 641.264 Thread 0x000002a14bf36ae0 nmethod 1347 0x000002a137ce1c90 code [0x000002a137ce1e60, 0x000002a137ce2110]
Event: 641.264 Thread 0x000002a14bf36ae0 1348       3       java.util.HashMap$HashIterator::nextNode (100 bytes)
Event: 641.266 Thread 0x000002a14bf36ae0 nmethod 1348 0x000002a137ce2210 code [0x000002a137ce2420, 0x000002a137ce2940]
Event: 641.266 Thread 0x000002a14bf36ae0 1349       1       java.lang.Module::getDescriptor (5 bytes)
Event: 641.266 Thread 0x000002a14bf36ae0 nmethod 1349 0x000002a13f6b1d10 code [0x000002a13f6b1ea0, 0x000002a13f6b1f68]
Event: 641.266 Thread 0x000002a14bf36ae0 1350       1       java.lang.module.ModuleDescriptor::provides (5 bytes)
Event: 641.266 Thread 0x000002a14bf36ae0 nmethod 1350 0x000002a13f6b2010 code [0x000002a13f6b21a0, 0x000002a13f6b2268]
Event: 641.266 Thread 0x000002a14bf36ae0 1351       3       java.lang.Module::isNamed (13 bytes)
Event: 641.267 Thread 0x000002a14bf36ae0 nmethod 1351 0x000002a137ce2b10 code [0x000002a137ce2ca0, 0x000002a137ce2e00]

GC Heap History (20 events):
Event: 1.470 GC heap before
{Heap before GC invocations=1 (full 0):
 garbage-first heap   total 126976K, used 36268K [0x0000000084000000, 0x0000000100000000)
  region size 1024K, 36 young (36864K), 3 survivors (3072K)
 Metaspace       used 6505K, committed 6720K, reserved 1114112K
  class space    used 339K, committed 448K, reserved 1048576K
}
Event: 1.474 GC heap after
{Heap after GC invocations=2 (full 0):
 garbage-first heap   total 126976K, used 4028K [0x0000000084000000, 0x0000000100000000)
  region size 1024K, 1 young (1024K), 1 survivors (1024K)
 Metaspace       used 6505K, committed 6720K, reserved 1114112K
  class space    used 339K, committed 448K, reserved 1048576K
}
Event: 1.551 GC heap before
{Heap before GC invocations=2 (full 0):
 garbage-first heap   total 126976K, used 78780K [0x0000000084000000, 0x0000000100000000)
  region size 1024K, 74 young (75776K), 1 survivors (1024K)
 Metaspace       used 6512K, committed 6720K, reserved 1114112K
  class space    used 339K, committed 448K, reserved 1048576K
}
Event: 1.553 GC heap after
{Heap after GC invocations=3 (full 0):
 garbage-first heap   total 126976K, used 4273K [0x0000000084000000, 0x0000000100000000)
  region size 1024K, 2 young (2048K), 2 survivors (2048K)
 Metaspace       used 6512K, committed 6720K, reserved 1114112K
  class space    used 339K, committed 448K, reserved 1048576K
}
Event: 1.629 GC heap before
{Heap before GC invocations=3 (full 0):
 garbage-first heap   total 126976K, used 76977K [0x0000000084000000, 0x0000000100000000)
  region size 1024K, 74 young (75776K), 2 survivors (2048K)
 Metaspace       used 6517K, committed 6720K, reserved 1114112K
  class space    used 339K, committed 448K, reserved 1048576K
}
Event: 1.631 GC heap after
{Heap after GC invocations=4 (full 0):
 garbage-first heap   total 126976K, used 4963K [0x0000000084000000, 0x0000000100000000)
  region size 1024K, 2 young (2048K), 2 survivors (2048K)
 Metaspace       used 6517K, committed 6720K, reserved 1114112K
  class space    used 339K, committed 448K, reserved 1048576K
}
Event: 14.015 GC heap before
{Heap before GC invocations=4 (full 0):
 garbage-first heap   total 126976K, used 78691K [0x0000000084000000, 0x0000000100000000)
  region size 1024K, 74 young (75776K), 2 survivors (2048K)
 Metaspace       used 6653K, committed 6848K, reserved 1114112K
  class space    used 340K, committed 448K, reserved 1048576K
}
Event: 14.017 GC heap after
{Heap after GC invocations=5 (full 0):
 garbage-first heap   total 126976K, used 3918K [0x0000000084000000, 0x0000000100000000)
  region size 1024K, 1 young (1024K), 1 survivors (1024K)
 Metaspace       used 6653K, committed 6848K, reserved 1114112K
  class space    used 340K, committed 448K, reserved 1048576K
}
Event: 25.116 GC heap before
{Heap before GC invocations=5 (full 0):
 garbage-first heap   total 126976K, used 78670K [0x0000000084000000, 0x0000000100000000)
  region size 1024K, 74 young (75776K), 1 survivors (1024K)
 Metaspace       used 6682K, committed 6848K, reserved 1114112K
  class space    used 340K, committed 448K, reserved 1048576K
}
Event: 25.119 GC heap after
{Heap after GC invocations=6 (full 0):
 garbage-first heap   total 126976K, used 3376K [0x0000000084000000, 0x0000000100000000)
  region size 1024K, 1 young (1024K), 1 survivors (1024K)
 Metaspace       used 6682K, committed 6848K, reserved 1114112K
  class space    used 340K, committed 448K, reserved 1048576K
}
Event: 121.634 GC heap before
{Heap before GC invocations=6 (full 0):
 garbage-first heap   total 126976K, used 78128K [0x0000000084000000, 0x0000000100000000)
  region size 1024K, 74 young (75776K), 1 survivors (1024K)
 Metaspace       used 6684K, committed 6848K, reserved 1114112K
  class space    used 340K, committed 448K, reserved 1048576K
}
Event: 121.637 GC heap after
{Heap after GC invocations=7 (full 0):
 garbage-first heap   total 126976K, used 3381K [0x0000000084000000, 0x0000000100000000)
  region size 1024K, 1 young (1024K), 1 survivors (1024K)
 Metaspace       used 6684K, committed 6848K, reserved 1114112K
  class space    used 340K, committed 448K, reserved 1048576K
}
Event: 199.285 GC heap before
{Heap before GC invocations=7 (full 0):
 garbage-first heap   total 126976K, used 78133K [0x0000000084000000, 0x0000000100000000)
  region size 1024K, 74 young (75776K), 1 survivors (1024K)
 Metaspace       used 6687K, committed 6848K, reserved 1114112K
  class space    used 340K, committed 448K, reserved 1048576K
}
Event: 199.287 GC heap after
{Heap after GC invocations=8 (full 0):
 garbage-first heap   total 126976K, used 3564K [0x0000000084000000, 0x0000000100000000)
  region size 1024K, 1 young (1024K), 1 survivors (1024K)
 Metaspace       used 6687K, committed 6848K, reserved 1114112K
  class space    used 340K, committed 448K, reserved 1048576K
}
Event: 293.337 GC heap before
{Heap before GC invocations=8 (full 0):
 garbage-first heap   total 126976K, used 78316K [0x0000000084000000, 0x0000000100000000)
  region size 1024K, 74 young (75776K), 1 survivors (1024K)
 Metaspace       used 6687K, committed 6848K, reserved 1114112K
  class space    used 340K, committed 448K, reserved 1048576K
}
Event: 293.340 GC heap after
{Heap after GC invocations=9 (full 0):
 garbage-first heap   total 126976K, used 3381K [0x0000000084000000, 0x0000000100000000)
  region size 1024K, 1 young (1024K), 1 survivors (1024K)
 Metaspace       used 6687K, committed 6848K, reserved 1114112K
  class space    used 340K, committed 448K, reserved 1048576K
}
Event: 535.656 GC heap before
{Heap before GC invocations=9 (full 0):
 garbage-first heap   total 126976K, used 78133K [0x0000000084000000, 0x0000000100000000)
  region size 1024K, 74 young (75776K), 1 survivors (1024K)
 Metaspace       used 6687K, committed 6848K, reserved 1114112K
  class space    used 340K, committed 448K, reserved 1048576K
}
Event: 535.659 GC heap after
{Heap after GC invocations=10 (full 0):
 garbage-first heap   total 126976K, used 3893K [0x0000000084000000, 0x0000000100000000)
  region size 1024K, 1 young (1024K), 1 survivors (1024K)
 Metaspace       used 6687K, committed 6848K, reserved 1114112K
  class space    used 340K, committed 448K, reserved 1048576K
}
Event: 588.455 GC heap before
{Heap before GC invocations=10 (full 0):
 garbage-first heap   total 126976K, used 78645K [0x0000000084000000, 0x0000000100000000)
  region size 1024K, 74 young (75776K), 1 survivors (1024K)
 Metaspace       used 6689K, committed 6848K, reserved 1114112K
  class space    used 340K, committed 448K, reserved 1048576K
}
Event: 588.457 GC heap after
{Heap after GC invocations=11 (full 0):
 garbage-first heap   total 126976K, used 3366K [0x0000000084000000, 0x0000000100000000)
  region size 1024K, 1 young (1024K), 1 survivors (1024K)
 Metaspace       used 6689K, committed 6848K, reserved 1114112K
  class space    used 340K, committed 448K, reserved 1048576K
}

Dll operation events (10 events):
Event: 0.053 Loaded shared library C:\Users\Shubham Varma\.antigravity\extensions\redhat.java-1.54.0-win32-x64\jre\21.0.10-win32-x86_64\bin\java.dll
Event: 0.108 Loaded shared library C:\Users\Shubham Varma\.antigravity\extensions\redhat.java-1.54.0-win32-x64\jre\21.0.10-win32-x86_64\bin\zip.dll
Event: 0.274 Loaded shared library C:\Users\Shubham Varma\.antigravity\extensions\redhat.java-1.54.0-win32-x64\jre\21.0.10-win32-x86_64\bin\net.dll
Event: 0.287 Loaded shared library C:\Users\Shubham Varma\.antigravity\extensions\redhat.java-1.54.0-win32-x64\jre\21.0.10-win32-x86_64\bin\nio.dll
Event: 0.291 Loaded shared library C:\Users\Shubham Varma\.antigravity\extensions\redhat.java-1.54.0-win32-x64\jre\21.0.10-win32-x86_64\bin\zip.dll
Event: 0.353 Loaded shared library C:\Users\Shubham Varma\.antigravity\extensions\redhat.java-1.54.0-win32-x64\jre\21.0.10-win32-x86_64\bin\jimage.dll
Event: 0.391 Loaded shared library C:\Users\Shubham Varma\AppData\Local\Temp\lwjgl_Shubham Varma\3.3.3+5\x64\lwjgl.dll
Event: 0.843 Loaded shared library C:\Users\Shubham Varma\AppData\Local\Temp\lwjgl_Shubham Varma\3.3.3+5\x64\lwjgl_opengl.dll
Event: 1.180 Loaded shared library C:\Users\Shubham Varma\.antigravity\extensions\redhat.java-1.54.0-win32-x64\jre\21.0.10-win32-x86_64\bin\verify.dll
Event: 1.227 Loaded shared library C:\Users\Shubham Varma\AppData\Local\Temp\lwjgl_Shubham Varma\3.3.3+5\x64\lwjgl_stb.dll

Deoptimization events (20 events):
Event: 20.050 Thread 0x000002a1348fe0d0 Uncommon trap: trap_request=0xffffff45 fr.pc=0x000002a13f66e63c relative=0x00000000000000dc
Event: 20.050 Thread 0x000002a1348fe0d0 Uncommon trap: reason=unstable_if action=reinterpret pc=0x000002a13f66e63c method=org.joml.Math.cosFromSinInternal(FF)F @ 32 c2
Event: 20.050 Thread 0x000002a1348fe0d0 DEOPT PACKING pc=0x000002a13f66e63c sp=0x000000dcd4ffeca0
Event: 20.050 Thread 0x000002a1348fe0d0 DEOPT UNPACKING pc=0x000002a13f084422 sp=0x000000dcd4ffec28 mode 2
Event: 21.132 Thread 0x000002a1348fe0d0 DEOPT PACKING pc=0x000002a137cd0a32 sp=0x000000dcd4ffee10
Event: 21.132 Thread 0x000002a1348fe0d0 DEOPT UNPACKING pc=0x000002a13f084bc2 sp=0x000000dcd4ffe460 mode 0
Event: 22.500 Thread 0x000002a1348fe0d0 DEOPT PACKING pc=0x000002a137cd0a32 sp=0x000000dcd4ffee10
Event: 22.500 Thread 0x000002a1348fe0d0 DEOPT UNPACKING pc=0x000002a13f084bc2 sp=0x000000dcd4ffe460 mode 0
Event: 23.867 Thread 0x000002a1348fe0d0 DEOPT PACKING pc=0x000002a137cd0a32 sp=0x000000dcd4ffee10
Event: 23.867 Thread 0x000002a1348fe0d0 DEOPT UNPACKING pc=0x000002a13f084bc2 sp=0x000000dcd4ffe460 mode 0
Event: 25.232 Thread 0x000002a1348fe0d0 DEOPT PACKING pc=0x000002a137cd0a32 sp=0x000000dcd4ffee10
Event: 25.232 Thread 0x000002a1348fe0d0 DEOPT UNPACKING pc=0x000002a13f084bc2 sp=0x000000dcd4ffe460 mode 0
Event: 26.600 Thread 0x000002a1348fe0d0 DEOPT PACKING pc=0x000002a137cd0a32 sp=0x000000dcd4ffee10
Event: 26.600 Thread 0x000002a1348fe0d0 DEOPT UNPACKING pc=0x000002a13f084bc2 sp=0x000000dcd4ffe460 mode 0
Event: 27.949 Thread 0x000002a1348fe0d0 DEOPT PACKING pc=0x000002a137cd0a32 sp=0x000000dcd4ffee10
Event: 27.949 Thread 0x000002a1348fe0d0 DEOPT UNPACKING pc=0x000002a13f084bc2 sp=0x000000dcd4ffe460 mode 0
Event: 197.451 Thread 0x000002a1348fe0d0 Uncommon trap: trap_request=0xffffff45 fr.pc=0x000002a13f6a43d0 relative=0x0000000000000810
Event: 197.451 Thread 0x000002a1348fe0d0 Uncommon trap: reason=unstable_if action=reinterpret pc=0x000002a13f6a43d0 method=com.game.Main.input(F)V @ 451 c2
Event: 197.451 Thread 0x000002a1348fe0d0 DEOPT PACKING pc=0x000002a13f6a43d0 sp=0x000000dcd4ffeff0
Event: 197.452 Thread 0x000002a1348fe0d0 DEOPT UNPACKING pc=0x000002a13f084422 sp=0x000000dcd4ffefe0 mode 2

Classes loaded (20 events):
Event: 641.267 Loading class jdk/internal/logger/AbstractLoggerWrapper
Event: 641.268 Loading class jdk/internal/logger/AbstractLoggerWrapper done
Event: 641.268 Loading class jdk/internal/logger/LazyLoggers$LazyLoggerWrapper done
Event: 641.268 Loading class jdk/internal/logger/LazyLoggers$JdkLazyLogger done
Event: 641.268 Loading class jdk/internal/logger/LazyLoggers$LazyLoggerAccessor
Event: 641.268 Loading class jdk/internal/logger/LazyLoggers$LoggerAccessor
Event: 641.268 Loading class jdk/internal/logger/LazyLoggers$LoggerAccessor done
Event: 641.268 Loading class jdk/internal/logger/LazyLoggers$LazyLoggerAccessor done
Event: 641.269 Loading class java/lang/System$Logger$Level
Event: 641.269 Loading class java/lang/System$Logger$Level done
Event: 641.269 Loading class jdk/internal/logger/SurrogateLogger
Event: 641.269 Loading class jdk/internal/logger/SimpleConsoleLogger
Event: 641.270 Loading class sun/util/logging/PlatformLogger$ConfigurableBridge$LoggerConfiguration
Event: 641.270 Loading class sun/util/logging/PlatformLogger$ConfigurableBridge$LoggerConfiguration done
Event: 641.270 Loading class jdk/internal/logger/SimpleConsoleLogger done
Event: 641.270 Loading class jdk/internal/logger/SurrogateLogger done
Event: 641.271 Loading class sun/util/logging/PlatformLogger
Event: 641.271 Loading class sun/util/logging/PlatformLogger done
Event: 641.271 Loading class sun/util/logging/PlatformLogger$Level
Event: 641.272 Loading class sun/util/logging/PlatformLogger$Level done

Classes unloaded (0 events):
No events

Classes redefined (0 events):
No events

Internal exceptions (20 events):
Event: 0.381 Thread 0x000002a1348fe0d0 Exception <a 'sun/nio/fs/WindowsException'{0x000000008b8bfec0}> (0x000000008b8bfec0) 
thrown [s\src\hotspot\share\prims\jni.cpp, line 520]
Event: 0.451 Thread 0x000002a1348fe0d0 Exception <a 'java/lang/NoSuchMethodError'{0x000000008b753bd8}: 'int java.lang.invoke.DirectMethodHandle$Holder.invokeStaticInit(java.lang.Object, java.lang.Object, int, long)'> (0x000000008b753bd8) 
thrown [s\src\hotspot\share\interpreter\linkResolver.cpp, line 773]
Event: 0.452 Thread 0x000002a1348fe0d0 Exception <a 'java/lang/NoSuchMethodError'{0x000000008b758d00}: 'java.lang.Object java.lang.invoke.DirectMethodHandle$Holder.newInvokeSpecial(java.lang.Object, java.lang.Object, int)'> (0x000000008b758d00) 
thrown [s\src\hotspot\share\interpreter\linkResolver.cpp, line 773]
Event: 0.455 Thread 0x000002a1348fe0d0 Exception <a 'java/lang/NoSuchMethodError'{0x000000008b767230}: 'int java.lang.invoke.DirectMethodHandle$Holder.invokeStaticInit(java.lang.Object, java.lang.Object, long, long)'> (0x000000008b767230) 
thrown [s\src\hotspot\share\interpreter\linkResolver.cpp, line 773]
Event: 0.456 Thread 0x000002a1348fe0d0 Exception <a 'java/lang/NoSuchMethodError'{0x000000008b76ccd8}: 'java.lang.Object java.lang.invoke.DirectMethodHandle$Holder.newInvokeSpecial(java.lang.Object, java.lang.Object, long)'> (0x000000008b76ccd8) 
thrown [s\src\hotspot\share\interpreter\linkResolver.cpp, line 773]
Event: 0.456 Thread 0x000002a1348fe0d0 Exception <a 'java/lang/NoSuchMethodError'{0x000000008b770b50}: 'java.lang.Object java.lang.invoke.Invokers$Holder.linkToTargetMethod(java.lang.Object, long, java.lang.Object)'> (0x000000008b770b50) 
thrown [s\src\hotspot\share\interpreter\linkResolver.cpp, line 773]
Event: 0.457 Thread 0x000002a1348fe0d0 Exception <a 'java/lang/NoSuchMethodError'{0x000000008b778030}: 'int java.lang.invoke.DirectMethodHandle$Holder.invokeStaticInit(java.lang.Object, java.lang.Object, java.lang.Object, long)'> (0x000000008b778030) 
thrown [s\src\hotspot\share\interpreter\linkResolver.cpp, line 773]
Event: 0.480 Thread 0x000002a1348fe0d0 Exception <a 'sun/nio/fs/WindowsException'{0x000000008b613ac8}> (0x000000008b613ac8) 
thrown [s\src\hotspot\share\prims\jni.cpp, line 520]
Event: 0.480 Thread 0x000002a1348fe0d0 Exception <a 'sun/nio/fs/WindowsException'{0x000000008b613e70}> (0x000000008b613e70) 
thrown [s\src\hotspot\share\prims\jni.cpp, line 520]
Event: 0.503 Thread 0x000002a1348fe0d0 Exception <a 'java/lang/NoSuchMethodError'{0x000000008b629fe8}: 'int java.lang.invoke.Invokers$Holder.invokeExact_MT(java.lang.Object, java.lang.Object)'> (0x000000008b629fe8) 
thrown [s\src\hotspot\share\interpreter\linkResolver.cpp, line 773]
Event: 0.825 Thread 0x000002a1348fe0d0 Exception <a 'java/lang/NoSuchMethodError'{0x000000008b6c0158}: 'void java.lang.System.load(java.lang.String, java.lang.Class)'> (0x000000008b6c0158) 
thrown [s\src\hotspot\share\interpreter\linkResolver.cpp, line 773]
Event: 0.825 Thread 0x000002a1348fe0d0 Exception <a 'java/lang/NoSuchMethodError'{0x000000008b6c2b88}: 'void java.lang.System.loadLibrary(java.lang.String, java.lang.Class)'> (0x000000008b6c2b88) 
thrown [s\src\hotspot\share\interpreter\linkResolver.cpp, line 773]
Event: 0.833 Thread 0x000002a1348fe0d0 Exception <a 'sun/nio/fs/WindowsException'{0x000000008b6d2468}> (0x000000008b6d2468) 
thrown [s\src\hotspot\share\prims\jni.cpp, line 520]
Event: 0.833 Thread 0x000002a1348fe0d0 Exception <a 'sun/nio/fs/WindowsException'{0x000000008b6d2848}> (0x000000008b6d2848) 
thrown [s\src\hotspot\share\prims\jni.cpp, line 520]
Event: 0.848 Thread 0x000002a1348fe0d0 Exception <a 'sun/nio/fs/WindowsException'{0x000000008b6db0a0}> (0x000000008b6db0a0) 
thrown [s\src\hotspot\share\prims\jni.cpp, line 520]
Event: 0.848 Thread 0x000002a1348fe0d0 Exception <a 'sun/nio/fs/WindowsException'{0x000000008b6db3c0}> (0x000000008b6db3c0) 
thrown [s\src\hotspot\share\prims\jni.cpp, line 520]
Event: 1.207 Thread 0x000002a1348fe0d0 Exception <a 'java/lang/NoSuchMethodError'{0x000000008b2a0a80}: 'void java.lang.System.load(java.lang.String, java.lang.Class)'> (0x000000008b2a0a80) 
thrown [s\src\hotspot\share\interpreter\linkResolver.cpp, line 773]
Event: 1.208 Thread 0x000002a1348fe0d0 Exception <a 'java/lang/NoSuchMethodError'{0x000000008b2a34b0}: 'void java.lang.System.loadLibrary(java.lang.String, java.lang.Class)'> (0x000000008b2a34b0) 
thrown [s\src\hotspot\share\interpreter\linkResolver.cpp, line 773]
Event: 1.215 Thread 0x000002a1348fe0d0 Exception <a 'sun/nio/fs/WindowsException'{0x000000008b2b2c58}> (0x000000008b2b2c58) 
thrown [s\src\hotspot\share\prims\jni.cpp, line 520]
Event: 1.215 Thread 0x000002a1348fe0d0 Exception <a 'sun/nio/fs/WindowsException'{0x000000008b2b3018}> (0x000000008b2b3018) 
thrown [s\src\hotspot\share\prims\jni.cpp, line 520]

ZGC Phase Switch (0 events):
No events

VM Operations (20 events):
Event: 14.017 Executing safepoint VM operation: G1CollectForAllocation (G1 Evacuation Pause) done
Event: 25.116 Executing safepoint VM operation: G1CollectForAllocation (G1 Evacuation Pause)
Event: 25.119 Executing safepoint VM operation: G1CollectForAllocation (G1 Evacuation Pause) done
Event: 60.058 Executing non-safepoint VM operation: HandshakeAllThreads (HandshakeForDeflation)
Event: 60.058 Executing non-safepoint VM operation: HandshakeAllThreads (HandshakeForDeflation) done
Event: 60.058 Executing non-safepoint VM operation: RendezvousGCThreads
Event: 60.058 Executing non-safepoint VM operation: RendezvousGCThreads done
Event: 91.335 Executing safepoint VM operation: Cleanup
Event: 91.335 Executing safepoint VM operation: Cleanup done
Event: 121.634 Executing safepoint VM operation: G1CollectForAllocation (G1 Evacuation Pause)
Event: 121.637 Executing safepoint VM operation: G1CollectForAllocation (G1 Evacuation Pause) done
Event: 199.285 Executing safepoint VM operation: G1CollectForAllocation (G1 Evacuation Pause)
Event: 199.287 Executing safepoint VM operation: G1CollectForAllocation (G1 Evacuation Pause) done
Event: 293.337 Executing safepoint VM operation: G1CollectForAllocation (G1 Evacuation Pause)
Event: 293.340 Executing safepoint VM operation: G1CollectForAllocation (G1 Evacuation Pause) done
Event: 535.656 Executing safepoint VM operation: G1CollectForAllocation (G1 Evacuation Pause)
Event: 535.659 Executing safepoint VM operation: G1CollectForAllocation (G1 Evacuation Pause) done
Event: 588.455 Executing safepoint VM operation: G1CollectForAllocation (G1 Evacuation Pause)
Event: 588.457 Executing safepoint VM operation: G1CollectForAllocation (G1 Evacuation Pause) done
Event: 641.273 Executing safepoint VM operation: Exit

Memory protections (0 events):
No events

Nmethod flushes (0 events):
No events

Events (20 events):
Event: 0.433 Thread 0x000002a14bf307e0 Thread added: 0x000002a19125d680
Event: 0.770 Thread 0x000002a19125d680 Thread exited: 0x000002a19125d680
Event: 1.021 Thread 0x000002a14bf36ae0 Thread added: 0x000002a191e84a00
Event: 1.239 Thread 0x000002a191e84a00 Thread exited: 0x000002a191e84a00
Event: 1.302 Thread 0x000002a1348fe0d0 Thread added: 0x000002a191dad480
Event: 1.302 Thread 0x000002a1348fe0d0 Thread added: 0x000002a191f0ba30
Event: 1.302 Thread 0x000002a1348fe0d0 Thread added: 0x000002a1989970e0
Event: 1.302 Thread 0x000002a1348fe0d0 Thread added: 0x000002a198918e20
Event: 1.302 Thread 0x000002a1348fe0d0 Thread added: 0x000002a198919490
Event: 1.303 Thread 0x000002a1348fe0d0 Thread added: 0x000002a198919b00
Event: 1.303 Thread 0x000002a1348fe0d0 Thread added: 0x000002a191f08490
Event: 1.303 Thread 0x000002a1348fe0d0 Thread added: 0x000002a191f08b00
Event: 1.440 Thread 0x000002a14bf307e0 Thread added: 0x000002a198c1b040
Event: 1.881 Thread 0x000002a198c1b040 Thread exited: 0x000002a198c1b040
Event: 6.247 Thread 0x000002a14bf36ae0 Thread added: 0x000002a1993748e0
Event: 7.281 Thread 0x000002a1993748e0 Thread exited: 0x000002a1993748e0
Event: 640.834 Thread 0x000002a191163940 Thread exited: 0x000002a191163940
Event: 640.834 Thread 0x000002a19113a580 Thread exited: 0x000002a19113a580
Event: 641.255 Thread 0x000002a14bf29eb0 Thread added: 0x000002a1995f7780
Event: 641.272 Thread 0x000002a1995f7780 Before exit entered


Dynamic libraries:
0x00007ff653170000 - 0x00007ff65317e000 	C:\Users\Shubham Varma\.antigravity\extensions\redhat.java-1.54.0-win32-x64\jre\21.0.10-win32-x86_64\bin\java.exe
0x00007ffb8ac40000 - 0x00007ffb8aea7000 	C:\Windows\SYSTEM32\ntdll.dll
0x00007ffb889f0000 - 0x00007ffb88ab9000 	C:\Windows\System32\KERNEL32.DLL
0x00007ffb87c70000 - 0x00007ffb88067000 	C:\Windows\System32\KERNELBASE.dll
0x00007ffb878e0000 - 0x00007ffb87a2b000 	C:\Windows\System32\ucrtbase.dll
0x00007ffb4dcb0000 - 0x00007ffb4dcc8000 	C:\Users\Shubham Varma\.antigravity\extensions\redhat.java-1.54.0-win32-x64\jre\21.0.10-win32-x86_64\bin\jli.dll
0x00007ffb89f90000 - 0x00007ffb8a156000 	C:\Windows\System32\USER32.dll
0x00007ffb88120000 - 0x00007ffb88147000 	C:\Windows\System32\win32u.dll
0x00007ffb88fb0000 - 0x00007ffb88fdb000 	C:\Windows\System32\GDI32.dll
0x00007ffb87700000 - 0x00007ffb8782c000 	C:\Windows\System32\gdi32full.dll
0x00007ffb87830000 - 0x00007ffb878d3000 	C:\Windows\System32\msvcp_win.dll
0x00007ffb65440000 - 0x00007ffb6545e000 	C:\Users\Shubham Varma\.antigravity\extensions\redhat.java-1.54.0-win32-x64\jre\21.0.10-win32-x86_64\bin\VCRUNTIME140.dll
0x00007ffb6edb0000 - 0x00007ffb6f042000 	C:\Windows\WinSxS\amd64_microsoft.windows.common-controls_6595b64144ccf1df_6.0.26100.8328_none_3e08182ce334b678\COMCTL32.dll
0x00007ffb89520000 - 0x00007ffb895c9000 	C:\Windows\System32\msvcrt.dll
0x00007ffb88de0000 - 0x00007ffb88e12000 	C:\Windows\System32\IMM32.DLL
0x00007ffb71770000 - 0x00007ffb7177c000 	C:\Users\Shubham Varma\.antigravity\extensions\redhat.java-1.54.0-win32-x64\jre\21.0.10-win32-x86_64\bin\vcruntime140_1.dll
0x00007ffb0bd60000 - 0x00007ffb0bded000 	C:\Users\Shubham Varma\.antigravity\extensions\redhat.java-1.54.0-win32-x64\jre\21.0.10-win32-x86_64\bin\msvcp140.dll
0x00007ffafd220000 - 0x00007ffafdfc1000 	C:\Users\Shubham Varma\.antigravity\extensions\redhat.java-1.54.0-win32-x64\jre\21.0.10-win32-x86_64\bin\server\jvm.dll
0x00007ffb88ac0000 - 0x00007ffb88b76000 	C:\Windows\System32\ADVAPI32.dll
0x00007ffb89470000 - 0x00007ffb89517000 	C:\Windows\System32\sechost.dll
0x00007ffb8a2f0000 - 0x00007ffb8a408000 	C:\Windows\System32\RPCRT4.dll
0x00007ffb8a260000 - 0x00007ffb8a2e0000 	C:\Windows\System32\WS2_32.dll
0x00007ffb874f0000 - 0x00007ffb8754e000 	C:\Windows\SYSTEM32\POWRPROF.dll
0x00007ffb6f050000 - 0x00007ffb6f05b000 	C:\Windows\SYSTEM32\VERSION.dll
0x00007ffb71470000 - 0x00007ffb714a6000 	C:\Windows\SYSTEM32\WINMM.dll
0x00007ffb874d0000 - 0x00007ffb874e4000 	C:\Windows\SYSTEM32\UMPDC.dll
0x00007ffb863e0000 - 0x00007ffb863fb000 	C:\Windows\SYSTEM32\kernel.appcore.dll
0x00007ffb70a50000 - 0x00007ffb70a5a000 	C:\Users\Shubham Varma\.antigravity\extensions\redhat.java-1.54.0-win32-x64\jre\21.0.10-win32-x86_64\bin\jimage.dll
0x00007ffb85760000 - 0x00007ffb859a2000 	C:\Windows\SYSTEM32\DBGHELP.DLL
0x00007ffb890e0000 - 0x00007ffb89463000 	C:\Windows\System32\combase.dll
0x00007ffb895d0000 - 0x00007ffb896a9000 	C:\Windows\System32\OLEAUT32.dll
0x00007ffb568c0000 - 0x00007ffb568fb000 	C:\Windows\SYSTEM32\dbgcore.DLL
0x00007ffb88070000 - 0x00007ffb88118000 	C:\Windows\System32\bcryptPrimitives.dll
0x00007ffb6dab0000 - 0x00007ffb6daec000 	C:\Users\Shubham Varma\.antigravity\extensions\redhat.java-1.54.0-win32-x64\jre\21.0.10-win32-x86_64\bin\jdwp.dll
0x00007ffb37500000 - 0x00007ffb37520000 	C:\Users\Shubham Varma\.antigravity\extensions\redhat.java-1.54.0-win32-x64\jre\21.0.10-win32-x86_64\bin\java.dll
0x00007ffb8a470000 - 0x00007ffb8abde000 	C:\Windows\System32\SHELL32.dll
0x00007ffb88150000 - 0x00007ffb889bc000 	C:\Windows\System32\windows.storage.dll
0x00007ffb88e20000 - 0x00007ffb88f16000 	C:\Windows\System32\SHCORE.dll
0x00007ffb88d70000 - 0x00007ffb88dd6000 	C:\Windows\System32\shlwapi.dll
0x00007ffb87590000 - 0x00007ffb875b9000 	C:\Windows\SYSTEM32\profapi.dll
0x00007ffb2ee70000 - 0x00007ffb2ee88000 	C:\Users\Shubham Varma\.antigravity\extensions\redhat.java-1.54.0-win32-x64\jre\21.0.10-win32-x86_64\bin\zip.dll
0x00007ffb769d0000 - 0x00007ffb769dc000 	C:\Users\Shubham Varma\.antigravity\extensions\redhat.java-1.54.0-win32-x64\jre\21.0.10-win32-x86_64\bin\dt_socket.dll
0x00007ffb85dc0000 - 0x00007ffb85df2000 	C:\Windows\SYSTEM32\IPHLPAPI.DLL
0x00007ffb86970000 - 0x00007ffb869dc000 	C:\Windows\system32\mswsock.dll
0x00007ffb85e00000 - 0x00007ffb85f32000 	C:\Windows\SYSTEM32\DNSAPI.dll
0x00007ffb8a160000 - 0x00007ffb8a16a000 	C:\Windows\System32\NSI.dll
0x00007ffb765a0000 - 0x00007ffb765ab000 	C:\Windows\System32\rasadhlp.dll
0x00007ffb7f740000 - 0x00007ffb7f7c6000 	C:\Windows\System32\fwpuclnt.dll
0x00007ffb6f910000 - 0x00007ffb6f920000 	C:\Users\Shubham Varma\.antigravity\extensions\redhat.java-1.54.0-win32-x64\jre\21.0.10-win32-x86_64\bin\net.dll
0x00007ffb7ea00000 - 0x00007ffb7eb29000 	C:\Windows\SYSTEM32\WINHTTP.dll
0x00007ffb2c230000 - 0x00007ffb2c246000 	C:\Users\Shubham Varma\.antigravity\extensions\redhat.java-1.54.0-win32-x64\jre\21.0.10-win32-x86_64\bin\nio.dll
0x00007ffb4e4f0000 - 0x00007ffb4e56b000 	C:\Users\Shubham Varma\AppData\Local\Temp\lwjgl_Shubham Varma\3.3.3+5\x64\lwjgl.dll
0x00007ffb44640000 - 0x00007ffb446c2000 	C:\Users\SHUBHA~1\AppData\Local\Temp\lwjgl_Shubham Varma\3.3.3+5\x64\glfw.dll
0x00007ffb733b0000 - 0x00007ffb733fb000 	C:\Windows\SYSTEM32\dinput8.dll
0x00007ffb73390000 - 0x00007ffb733ac000 	C:\Windows\SYSTEM32\xinput1_4.dll
0x00007ffb87210000 - 0x00007ffb8723d000 	C:\Windows\SYSTEM32\DEVOBJ.dll
0x00007ffb871b0000 - 0x00007ffb87201000 	C:\Windows\SYSTEM32\cfgmgr32.dll
0x00007ffb82800000 - 0x00007ffb8282f000 	C:\Windows\SYSTEM32\dwmapi.dll
0x00007ffb70b90000 - 0x00007ffb70d73000 	C:\Windows\SYSTEM32\inputhost.dll
0x00007ffb81d70000 - 0x00007ffb81e97000 	C:\Windows\SYSTEM32\CoreMessaging.dll
0x00007ffb82540000 - 0x00007ffb825ea000 	C:\Windows\system32\uxtheme.dll
0x00007ffb896b0000 - 0x00007ffb8980c000 	C:\Windows\System32\MSCTF.dll
0x00007ffb86c50000 - 0x00007ffb86c5c000 	C:\Windows\SYSTEM32\CRYPTBASE.DLL
0x00007ffb5e970000 - 0x00007ffb5ea7f000 	C:\Windows\SYSTEM32\opengl32.dll
0x00007ffb5e290000 - 0x00007ffb5e2bd000 	C:\Windows\SYSTEM32\GLU32.dll
0x00007ffb82790000 - 0x00007ffb827d5000 	C:\Windows\SYSTEM32\dxcore.dll
0x00007ffb7f6c0000 - 0x00007ffb7f721000 	C:\Windows\SYSTEM32\directxdatabasehelper.dll
0x00007ffb71f90000 - 0x00007ffb71fad000 	C:\Windows\SYSTEM32\windows.staterepositorycore.dll
0x00007ffaf2a70000 - 0x00007ffaf3a48000 	C:\Windows\System32\DriverStore\FileRepository\iigd_dch.inf_amd64_23697451aa00e25a\igxelpicd64.dll
0x00007ffb89810000 - 0x00007ffb899a7000 	C:\Windows\System32\ole32.dll
0x00007ffb82640000 - 0x00007ffb8277e000 	C:\Windows\system32\dxgi.dll
0x00007ffb2ed30000 - 0x00007ffb2ee6e000 	C:\Windows\System32\DriverStore\FileRepository\iigd_dch.inf_amd64_23697451aa00e25a\igdml64.dll
0x00007ffb7b6b0000 - 0x00007ffb7baa0000 	C:\Windows\System32\DriverStore\FileRepository\iigd_dch.inf_amd64_23697451aa00e25a\igdgmm64.dll
0x00007ffb76fd0000 - 0x00007ffb7b614000 	C:\Windows\System32\DriverStore\FileRepository\iigd_dch.inf_amd64_23697451aa00e25a\igc64.dll
0x00007ffb71600000 - 0x00007ffb71746000 	C:\Windows\SYSTEM32\textinputframework.dll
0x00007ffb7ecf0000 - 0x00007ffb7efd2000 	C:\Windows\SYSTEM32\CoreUIComponents.dll
0x00007ffb7eb50000 - 0x00007ffb7ecba000 	C:\Windows\SYSTEM32\wintypes.dll
0x00007ffb67980000 - 0x00007ffb679de000 	C:\Users\Shubham Varma\AppData\Local\Temp\lwjgl_Shubham Varma\3.3.3+5\x64\lwjgl_opengl.dll
0x00007ffb6eae0000 - 0x00007ffb6eaf0000 	C:\Users\Shubham Varma\.antigravity\extensions\redhat.java-1.54.0-win32-x64\jre\21.0.10-win32-x86_64\bin\verify.dll
0x00007ffb2eca0000 - 0x00007ffb2ed22000 	C:\Users\Shubham Varma\AppData\Local\Temp\lwjgl_Shubham Varma\3.3.3+5\x64\lwjgl_stb.dll
0x00007ffb3fb70000 - 0x00007ffb3fbef000 	C:\Windows\system32\Ninput.dll

JVMTI agents:
jdwp path:C:\Users\Shubham Varma\.antigravity\extensions\redhat.java-1.54.0-win32-x64\jre\21.0.10-win32-x86_64\bin\jdwp.dll, loaded, initialized, options:transport=dt_socket,server=n,suspend=y,address=localhost:55422

dbghelp: loaded successfully - version: 4.0.5 - missing functions: none
symbol engine: initialized successfully - sym options: 0x614 - pdb path: .;C:\Users\Shubham Varma\.antigravity\extensions\redhat.java-1.54.0-win32-x64\jre\21.0.10-win32-x86_64\bin;C:\Windows\SYSTEM32;C:\Windows\WinSxS\amd64_microsoft.windows.common-controls_6595b64144ccf1df_6.0.26100.8328_none_3e08182ce334b678;C:\Users\Shubham Varma\.antigravity\extensions\redhat.java-1.54.0-win32-x64\jre\21.0.10-win32-x86_64\bin\server;C:\Users\Shubham Varma\AppData\Local\Temp\lwjgl_Shubham Varma\3.3.3+5\x64;C:\Users\SHUBHA~1\AppData\Local\Temp\lwjgl_Shubham Varma\3.3.3+5\x64;C:\Windows\System32\DriverStore\FileRepository\iigd_dch.inf_amd64_23697451aa00e25a

VM Arguments:
jvm_args: -agentlib:jdwp=transport=dt_socket,server=n,suspend=y,address=localhost:55422 -XX:+ShowCodeDetailsInExceptionMessages 
java_command: com.game.Main
java_class_path (initial): C:\Users\Shubham Varma\Desktop\Tracker\target\classes;C:\Users\Shubham Varma\.m2\repository\org\lwjgl\lwjgl\3.3.3\lwjgl-3.3.3.jar;C:\Users\Shubham Varma\.m2\repository\org\lwjgl\lwjgl-glfw\3.3.3\lwjgl-glfw-3.3.3.jar;C:\Users\Shubham Varma\.m2\repository\org\lwjgl\lwjgl-opengl\3.3.3\lwjgl-opengl-3.3.3.jar;C:\Users\Shubham Varma\.m2\repository\org\lwjgl\lwjgl-stb\3.3.3\lwjgl-stb-3.3.3.jar;C:\Users\Shubham Varma\.m2\repository\org\lwjgl\lwjgl\3.3.3\lwjgl-3.3.3-natives-windows.jar;C:\Users\Shubham Varma\.m2\repository\org\lwjgl\lwjgl-glfw\3.3.3\lwjgl-glfw-3.3.3-natives-windows.jar;C:\Users\Shubham Varma\.m2\repository\org\lwjgl\lwjgl-opengl\3.3.3\lwjgl-opengl-3.3.3-natives-windows.jar;C:\Users\Shubham Varma\.m2\repository\org\lwjgl\lwjgl-stb\3.3.3\lwjgl-stb-3.3.3-natives-windows.jar;C:\Users\Shubham Varma\.m2\repository\org\joml\joml\1.10.5\joml-1.10.5.jar
Launcher Type: SUN_STANDARD

[Global flags]
     intx CICompilerCount                          = 4                                         {product} {ergonomic}
     uint ConcGCThreads                            = 2                                         {product} {ergonomic}
     uint G1ConcRefinementThreads                  = 8                                         {product} {ergonomic}
   size_t G1HeapRegionSize                         = 1048576                                   {product} {ergonomic}
    uintx GCDrainStackTargetSize                   = 64                                        {product} {ergonomic}
   size_t InitialHeapSize                          = 130023424                                 {product} {ergonomic}
   size_t MarkStackSize                            = 4194304                                   {product} {ergonomic}
   size_t MaxHeapSize                              = 2080374784                                {product} {ergonomic}
   size_t MaxNewSize                               = 1247805440                                {product} {ergonomic}
   size_t MinHeapDeltaBytes                        = 1048576                                   {product} {ergonomic}
   size_t MinHeapSize                              = 8388608                                   {product} {ergonomic}
    uintx NonNMethodCodeHeapSize                   = 5839372                                {pd product} {ergonomic}
    uintx NonProfiledCodeHeapSize                  = 122909434                              {pd product} {ergonomic}
    uintx ProfiledCodeHeapSize                     = 122909434                              {pd product} {ergonomic}
    uintx ReservedCodeCacheSize                    = 251658240                              {pd product} {ergonomic}
     bool SegmentedCodeCache                       = true                                      {product} {ergonomic}
     bool ShowCodeDetailsInExceptionMessages       = true                                   {manageable} {command line}
   size_t SoftMaxHeapSize                          = 2080374784                             {manageable} {ergonomic}
     bool UseCompressedOops                        = true                           {product lp64_product} {ergonomic}
     bool UseG1GC                                  = true                                      {product} {ergonomic}
     bool UseLargePagesIndividualAllocation        = false                                  {pd product} {ergonomic}

Logging:
Log output configuration:
 #0: stdout all=off uptime,level,tags foldmultilines=false
 #1: stderr all=off uptime,level,tags foldmultilines=false

Release file:
JAVA_VERSION="21.0.10" 
MODULES="java.base java.compiler java.datatransfer java.xml java.prefs java.desktop java.instrument java.logging java.management java.security.sasl java.naming java.rmi java.management.rmi java.net.http java.scripting java.security.jgss java.transaction.xa java.sql java.sql.rowset java.xml.crypto java.se java.smartcardio jdk.accessibility jdk.internal.jvmstat jdk.attach jdk.charsets jdk.internal.opt jdk.zipfs jdk.compiler jdk.crypto.ec jdk.crypto.cryptoki jdk.crypto.mscapi jdk.dynalink jdk.internal.ed jdk.editpad jdk.hotspot.agent jdk.httpserver jdk.internal.le jdk.internal.vm.ci jdk.internal.vm.compiler jdk.internal.vm.compiler.management jdk.jartool jdk.javadoc jdk.jcmd jdk.management jdk.management.agent jdk.jconsole jdk.jdeps jdk.jdwp.agent jdk.jdi jdk.jfr jdk.jshell jdk.jsobject jdk.jstatd jdk.localedata jdk.management.jfr jdk.naming.dns jdk.naming.rmi jdk.net jdk.nio.mapmode jdk.random jdk.sctp jdk.security.auth jdk.security.jgss jdk.unsupported jdk.unsupported.desktop jdk.xml.dom" 

Environment Variables:
PATH=C:\Program Files (x86)\Common Files\Oracle\Java\java8path;C:\Program Files (x86)\Common Files\Oracle\Java\javapath;C:\Windows\system32;C:\Windows;C:\Windows\System32\Wbem;C:\Windows\System32\WindowsPowerShell\v1.0\;C:\Windows\System32\OpenSSH\;C:\Program Files\Git\cmd;C:\Program Files\dotnet\;C:\Program Files\WireGuard\;C:\Program Files\nodejs\;C:\ProgramData\chocolatey\bin;C:\Python314\Scripts\;C:\Python314\;C:\Users\Shubham Varma\.local\bin;C:\Users\Shubham Varma\AppData\Local\Programs\Python\Python314\Scripts\;C:\Users\Shubham Varma\AppData\Local\Programs\Python\Python314\;C:\Users\Shubham Varma\AppData\Local\Microsoft\WindowsApps;C:\Users\Shubham Varma\.dotnet\tools;C:\dev\flutter\bin;C:\Users\Shubham Varma\.dotnet\tools;C:\Users\Shubham Varma\AppData\Roaming\npm;C:\Users\Shubham Varma\AppData\Local\Python\bin;C:\Users\Shubham Varma\AppData\Local\Programs\Microsoft VS Code\bin;C:\Users\Shubham Varma\AppData\Local\Programs\Antigravity\bin;c:\Users\Shubham Varma\.antigravity\extensions\ms-python.debugpy-2026.6.0-win32-x64\bundled\scripts\noConfigScripts;c:\Users\Shubham Varma\.antigravity\extensions\vscjava.vscode-java-debug-0.59.0-universal\bundled\scripts\noConfigScripts
USERNAME=Shubham Varma
LANG=en_US.UTF-8
OS=Windows_NT
PROCESSOR_IDENTIFIER=Intel64 Family 6 Model 154 Stepping 4, GenuineIntel
TMP=C:\Users\SHUBHA~1\AppData\Local\Temp
TEMP=C:\Users\SHUBHA~1\AppData\Local\Temp




Periodic native trim disabled

---------------  S Y S T E M  ---------------

OS:
 Windows 11 , 64 bit Build 26100 (10.0.26100.8328)
OS uptime: 4 days 7:35 hours
Hyper-V role detected

CPU: total 8 (initial active 8) (4 cores per cpu, 2 threads per core) family 6 model 154 stepping 4 microcode 0x429, cx8, cmov, fxsr, ht, mmx, 3dnowpref, sse, sse2, sse3, ssse3, sse4.1, sse4.2, popcnt, lzcnt, tsc, tscinvbit, avx, avx2, aes, erms, clmul, bmi1, bmi2, adx, sha, fma, vzeroupper, clflush, clflushopt, clwb, hv, serialize, rdtscp, rdpid, fsrm, f16c, cet_ibt, cet_ss
Processor Information for processor 0
  Max Mhz: 1200, Current Mhz: 1200, Mhz Limit: 1200
Processor Information for processor 1
  Max Mhz: 1200, Current Mhz: 1200, Mhz Limit: 1200
Processor Information for processor 2
  Max Mhz: 1200, Current Mhz: 1200, Mhz Limit: 1200
Processor Information for processor 3
  Max Mhz: 1200, Current Mhz: 1200, Mhz Limit: 1200
Processor Information for processor 4
  Max Mhz: 1200, Current Mhz: 900, Mhz Limit: 900
Processor Information for processor 5
  Max Mhz: 1200, Current Mhz: 900, Mhz Limit: 900
Processor Information for processor 6
  Max Mhz: 1200, Current Mhz: 900, Mhz Limit: 900
Processor Information for processor 7
  Max Mhz: 1200, Current Mhz: 900, Mhz Limit: 900

Memory: 4k page, system-wide physical 7933M (617M free)
TotalPageFile size 16590M (AvailPageFile size 7146M)
current process WorkingSet (physical memory assigned to process): 295M, peak: 320M
current process commit charge ("private bytes"): 308M, peak: 334M

vm_info: OpenJDK 64-Bit Server VM (21.0.10+7-LTS) for windows-amd64 JRE (21.0.10+7-LTS), built on 2026-01-20T00:00:00Z by "admin" with MS VC++ 17.12 (VS2022)

END.
